Build started 4/9/2016 4:53:41 PM.
     1>Project "c:\Users\UTRGVCS\documents\visual studio 2013\Projects\TextureKMeans\TextureKMeans\TextureKMeans.vcxproj" on node 2 (Build target(s)).
     1>ClCompile:
         C:\Program Files (x86)\Microsoft Visual Studio 12.0\VC\bin\x86_amd64\CL.exe /c /I"C:\opencv-3.1.0-cuda\build\install\x64\vc12\..\..\include" /Zi /nologo /W3 /WX- /sdl /Od /D WIN32 /D _DEBUG /D _CONSOLE /D _LIB /D _UNICODE /D UNICODE /Gm /EHsc /RTC1 /MDd /GS /fp:precise /Zc:wchar_t /Zc:forScope /Fo"x64\Debug\\" /Fd"x64\Debug\vc120.pdb" /Gd /TP /errorReport:prompt Source.cpp
         Source.cpp
     1>Source.cpp(65): warning C4244: 'initializing' : conversion from 'double' to 'int', possible loss of data
     1>Source.cpp(141): warning C4244: '=' : conversion from 'double' to 'float', possible loss of data
     1>Source.cpp(142): warning C4244: '=' : conversion from 'double' to 'float', possible loss of data
     1>Source.cpp(143): warning C4244: '=' : conversion from 'double' to 'float', possible loss of data
     1>Source.cpp(144): warning C4244: '=' : conversion from 'double' to 'float', possible loss of data
     1>Source.cpp(145): warning C4244: '=' : conversion from 'double' to 'float', possible loss of data
     1>Source.cpp(192): warning C4244: 'initializing' : conversion from 'double' to 'int', possible loss of data
     1>Source.cpp(245): warning C4244: '=' : conversion from 'double' to 'float', possible loss of data
     1>Source.cpp(246): warning C4244: '=' : conversion from 'double' to 'float', possible loss of data
     1>Source.cpp(247): warning C4244: '=' : conversion from 'double' to 'float', possible loss of data
     1>Source.cpp(264): warning C4244: '=' : conversion from 'double' to 'uchar', possible loss of data
     1>Source.cpp(291): warning C4244: 'initializing' : conversion from 'double' to 'int', possible loss of data
     1>Source.cpp(345): warning C4244: '=' : conversion from 'double' to 'float', possible loss of data
     1>Source.cpp(523): warning C4244: 'initializing' : conversion from 'double' to 'int', possible loss of data
     1>Source.cpp(579): warning C4244: '=' : conversion from 'double' to 'float', possible loss of data
     1>Source.cpp(580): warning C4244: '=' : conversion from 'double' to 'float', possible loss of data
     1>Source.cpp(581): warning C4244: '=' : conversion from 'double' to 'float', possible loss of data
     1>Source.cpp(582): warning C4244: '=' : conversion from 'double' to 'float', possible loss of data
     1>Source.cpp(583): warning C4244: '=' : conversion from 'double' to 'float', possible loss of data
       Link:
         C:\Program Files (x86)\Microsoft Visual Studio 12.0\VC\bin\x86_amd64\link.exe /ERRORREPORT:PROMPT /OUT:"c:\users\utrgvcs\documents\visual studio 2013\Projects\TextureKMeans\x64\Debug\TextureKMeans.exe" /INCREMENTAL /NOLOGO /LIBPATH:"C:\opencv-3.1.0-cuda\build\install\x64\vc12\lib" opencv_highgui310d.lib opencv_imgproc310d.lib opencv_imgcodecs310d.lib opencv_ts310d.lib opencv_core310d.lib kernel32.lib user32.lib gdi32.lib winspool.lib comdlg32.lib advapi32.lib shell32.lib ole32.lib oleaut32.lib uuid.lib odbc32.lib odbccp32.lib /MANIFEST /MANIFESTUAC:"level='asInvoker' uiAccess='false'" /manifest:embed /DEBUG /PDB:"c:\users\utrgvcs\documents\visual studio 2013\Projects\TextureKMeans\x64\Debug\TextureKMeans.pdb" /SUBSYSTEM:CONSOLE /TLBID:1 /DYNAMICBASE /NXCOMPAT /IMPLIB:"c:\users\utrgvcs\documents\visual studio 2013\Projects\TextureKMeans\x64\Debug\TextureKMeans.lib" /MACHINE:X64 x64\Debug\Source.obj
         TextureKMeans.vcxproj -> c:\users\utrgvcs\documents\visual studio 2013\Projects\TextureKMeans\x64\Debug\TextureKMeans.exe
     1>Done Building Project "c:\Users\UTRGVCS\documents\visual studio 2013\Projects\TextureKMeans\TextureKMeans\TextureKMeans.vcxproj" (Build target(s)).

Build succeeded.

Time Elapsed 00:00:00.81
