Build started 4/9/2016 8:26:31 PM.
     1>Project "c:\Users\UTRGVCS\documents\visual studio 2013\Projects\TextureKMeans\TextureKMeans\TextureKMeans.vcxproj" on node 2 (Build target(s)).
     1>ClCompile:
         C:\Program Files (x86)\Microsoft Visual Studio 12.0\VC\bin\x86_amd64\CL.exe /c /I"C:\opencv-3.1.0-cuda\build\install\x64\vc12\..\..\include" /Zi /nologo /W3 /WX- /sdl /O2 /Oi /GL /D WIN32 /D NDEBUG /D _CONSOLE /D _LIB /D _UNICODE /D UNICODE /Gm- /EHsc /MD /GS /Gy /fp:precise /Zc:wchar_t /Zc:forScope /Fo"x64\Release\\" /Fd"x64\Release\vc120.pdb" /Gd /TP /errorReport:prompt Source.cpp
         Source.cpp
     1>Source.cpp(60): warning C4244: 'initializing' : conversion from 'double' to 'int', possible loss of data
     1>Source.cpp(131): warning C4244: '=' : conversion from 'double' to 'float', possible loss of data
     1>Source.cpp(132): warning C4244: '=' : conversion from 'double' to 'float', possible loss of data
     1>Source.cpp(133): warning C4244: '=' : conversion from 'double' to 'float', possible loss of data
     1>Source.cpp(134): warning C4244: '=' : conversion from 'double' to 'float', possible loss of data
     1>Source.cpp(135): warning C4244: '=' : conversion from 'double' to 'float', possible loss of data
     1>Source.cpp(177): warning C4244: 'initializing' : conversion from 'double' to 'int', possible loss of data
     1>Source.cpp(230): warning C4244: '=' : conversion from 'double' to 'float', possible loss of data
     1>Source.cpp(231): warning C4244: '=' : conversion from 'double' to 'float', possible loss of data
     1>Source.cpp(232): warning C4244: '=' : conversion from 'double' to 'float', possible loss of data
     1>Source.cpp(249): warning C4244: '=' : conversion from 'double' to 'uchar', possible loss of data
     1>Source.cpp(276): warning C4244: 'initializing' : conversion from 'double' to 'int', possible loss of data
     1>Source.cpp(303): warning C4244: '=' : conversion from 'double' to 'float', possible loss of data
     1>Source.cpp(466): warning C4244: 'initializing' : conversion from 'double' to 'int', possible loss of data
     1>Source.cpp(506): warning C4244: '=' : conversion from 'double' to 'float', possible loss of data
     1>Source.cpp(507): warning C4244: '=' : conversion from 'double' to 'float', possible loss of data
     1>Source.cpp(508): warning C4244: '=' : conversion from 'double' to 'float', possible loss of data
     1>Source.cpp(509): warning C4244: '=' : conversion from 'double' to 'float', possible loss of data
     1>Source.cpp(510): warning C4244: '=' : conversion from 'double' to 'float', possible loss of data
       Link:
         C:\Program Files (x86)\Microsoft Visual Studio 12.0\VC\bin\x86_amd64\link.exe /ERRORREPORT:PROMPT /OUT:"c:\users\utrgvcs\documents\visual studio 2013\Projects\TextureKMeans\x64\Release\TextureKMeans.exe" /INCREMENTAL:NO /NOLOGO /LIBPATH:"C:\opencv-3.1.0-cuda\build\install\x64\vc12\lib" opencv_highgui310.lib opencv_imgproc310.lib opencv_imgcodecs310.lib opencv_ts310.lib opencv_core310.lib kernel32.lib user32.lib gdi32.lib winspool.lib comdlg32.lib advapi32.lib shell32.lib ole32.lib oleaut32.lib uuid.lib odbc32.lib odbccp32.lib /MANIFEST /MANIFESTUAC:"level='asInvoker' uiAccess='false'" /manifest:embed /DEBUG /PDB:"c:\users\utrgvcs\documents\visual studio 2013\Projects\TextureKMeans\x64\Release\TextureKMeans.pdb" /SUBSYSTEM:CONSOLE /OPT:REF /OPT:ICF /LTCG /TLBID:1 /DYNAMICBASE /NXCOMPAT /IMPLIB:"c:\users\utrgvcs\documents\visual studio 2013\Projects\TextureKMeans\x64\Release\TextureKMeans.lib" /MACHINE:X64 x64\Release\Source.obj
         Generating code
         Finished generating code
         TextureKMeans.vcxproj -> c:\users\utrgvcs\documents\visual studio 2013\Projects\TextureKMeans\x64\Release\TextureKMeans.exe
     1>Done Building Project "c:\Users\UTRGVCS\documents\visual studio 2013\Projects\TextureKMeans\TextureKMeans\TextureKMeans.vcxproj" (Build target(s)).

Build succeeded.

Time Elapsed 00:00:01.09
